2021-05-15 19:28:27 0 [Note] InnoDB: Mutexes and rw_locks use Windows interlocked functions
2021-05-15 19:28:27 0 [Note] InnoDB: Uses event mutexes
2021-05-15 19:28:27 0 [Note] InnoDB: Compressed tables use zlib 1.2.11
2021-05-15 19:28:27 0 [Note] InnoDB: Number of pools: 1
2021-05-15 19:28:27 0 [Note] InnoDB: Using SSE2 crc32 instructions
2021-05-15 19:28:27 0 [Note] InnoDB: Initializing buffer pool, total size = 16M, instances = 1, chunk size = 16M
2021-05-15 19:28:27 0 [Note] InnoDB: Completed initialization of buffer pool
2021-05-15 19:28:28 0 [Note] InnoDB: Starting crash recovery from checkpoint LSN=300288
2021-05-15 19:28:28 0 [Note] InnoDB: 128 out of 128 rollback segments are active.
2021-05-15 19:28:28 0 [Note] InnoDB: Removed temporary tablespace data file: "ibtmp1"
2021-05-15 19:28:28 0 [Note] InnoDB: Creating shared tablespace for temporary tables
2021-05-15 19:28:28 0 [Note] InnoDB: Setting file 'D:\wp\mysql\data\ibtmp1' size to 12 MB. Physically writing the file full; Please wait ...
2021-05-15 19:28:28 0 [Note] InnoDB: File 'D:\wp\mysql\data\ibtmp1' size is now 12 MB.
2021-05-15 19:28:28 0 [Note] InnoDB: Waiting for purge to start
2021-05-15 19:28:28 0 [Note] InnoDB: 10.4.19 started; log sequence number 300297; transaction id 170
2021-05-15 19:28:28 0 [Note] InnoDB: Loading buffer pool(s) from D:\wp\mysql\data\ib_buffer_pool
2021-05-15 19:28:28 0 [Note] Plugin 'FEEDBACK' is disabled.
2021-05-15 19:28:28 0 [Note] InnoDB: Buffer pool(s) load completed at 210515 19:28:28
2021-05-15 19:28:28 0 [Note] Server socket created on IP: '::'.
2021-05-19 20:24:12 0 [Note] InnoDB: Mutexes and rw_locks use Windows interlocked functions
2021-05-19 20:24:12 0 [Note] InnoDB: Uses event mutexes
2021-05-19 20:24:12 0 [Note] InnoDB: Compressed tables use zlib 1.2.11
2021-05-19 20:24:12 0 [Note] InnoDB: Number of pools: 1
2021-05-19 20:24:12 0 [Note] InnoDB: Using SSE2 crc32 instructions
2021-05-19 20:24:12 0 [Note] InnoDB: Initializing buffer pool, total size = 16M, instances = 1, chunk size = 16M
2021-05-19 20:24:12 0 [Note] InnoDB: Completed initialization of buffer pool
2021-05-19 20:24:12 0 [Note] InnoDB: Starting crash recovery from checkpoint LSN=1814364
2021-05-19 20:24:13 0 [Note] InnoDB: 128 out of 128 rollback segments are active.
2021-05-19 20:24:13 0 [Note] InnoDB: Removed temporary tablespace data file: "ibtmp1"
2021-05-19 20:24:13 0 [Note] InnoDB: Creating shared tablespace for temporary tables
2021-05-19 20:24:13 0 [Note] InnoDB: Setting file 'D:\wp\mysql\data\ibtmp1' size to 12 MB. Physically writing the file full; Please wait ...
2021-05-19 20:24:13 0 [Note] InnoDB: File 'D:\wp\mysql\data\ibtmp1' size is now 12 MB.
2021-05-19 20:24:13 0 [Note] InnoDB: Waiting for purge to start
2021-05-19 20:24:13 0 [Note] InnoDB: 10.4.19 started; log sequence number 1814373; transaction id 816
2021-05-19 20:24:13 0 [Note] InnoDB: Loading buffer pool(s) from D:\wp\mysql\data\ib_buffer_pool
2021-05-19 20:24:13 0 [Note] Plugin 'FEEDBACK' is disabled.
2021-05-19 20:24:13 0 [Note] Server socket created on IP: '::'.
2021-05-19 20:24:13 0 [Note] InnoDB: Buffer pool(s) load complete2021-05-21 12:09:40 0 [Note] InnoDB: Mutexes and rw_locks use Windows interlocked functions
2021-05-21 12:09:40 0 [Note] InnoDB: Uses event mutexes
2021-05-21 12:09:40 0 [Note] InnoDB: Compressed tables use zlib 1.2.11
2021-05-21 12:09:40 0 [Note] InnoDB: Number of pools: 1
2021-05-21 12:09:40 0 [Note] InnoDB: Using SSE2 crc32 instructions
2021-05-21 12:09:40 0 [Note] InnoDB: Initializing buffer pool, total size = 16M, instances = 1, chunk size = 16M
2021-05-21 12:09:40 0 [Note] InnoDB: Completed initialization of buffer pool
2021-05-21 12:09:40 0 [Note] InnoDB: Starting crash recovery from checkpoint LSN=27549259
2021-05-21 12:09:40 0 [Note] InnoDB: 128 out of 128 rollback segments are active.
2021-05-21 12:09:40 0 [Note] InnoDB: Removed temporary tablespace data file: "ibtmp1"
2021-05-21 12:09:40 0 [Note] InnoDB: Creating shared tablespace for temporary tables
2021-05-21 12:09:40 0 [Note] InnoDB: Setting file 'D:\wp\mysql\data\ibtmp1' size to 12 MB. Physically writing the file full; Please wait ...
2021-05-21 12:09:40 0 [Note] InnoDB: File 'D:\wp\mysql\data\ibtmp1' size is now 12 MB.
2021-05-21 12:09:40 0 [Note] InnoDB: Waiting for purge to start
2021-05-21 12:09:40 0 [Note] InnoDB: 10.4.19 started; log sequence number 27549268; transaction id 5875
2021-05-21 12:09:40 0 [Note] InnoDB: Loading buffer pool(s) from D:\wp\mysql\data\ib_buffer_pool
2021-05-21 12:09:40 0 [Note] Plugin 'FEEDBACK' is disabled.
2021-05-21 12:09:40 0 [Note] InnoDB: Buffer pool(s) load completed at 210521 12:09:40
2021-05-21 12:09:40 0 [Note] Server socket created on IP: '::'.
2021-05-22 20:06:54 0 [Note] InnoDB: Mutexes and rw_locks use Windows interlocked functions
2021-05-22 20:06:54 0 [Note] InnoDB: Uses event mutexes
2021-05-22 20:06:54 0 [Note] InnoDB: Compressed tables use zlib 1.2.11
2021-05-22 20:06:54 0 [Note] InnoDB: Number of pools: 1
2021-05-22 20:06:54 0 [Note] InnoDB: Using SSE2 crc32 instructions
2021-05-22 20:06:54 0 [Note] InnoDB: Initializing buffer pool, total size = 16M, instances = 1, chunk size = 16M
2021-05-22 20:06:54 0 [Note] InnoDB: Completed initialization of buffer pool
2021-05-22 20:06:54 0 [Note] InnoDB: Starting crash recovery from checkpoint LSN=27549259
2021-05-22 20:06:55 0 [Note] InnoDB: Starting final batch to recover 152 pages from redo log.
2021-05-22 20:06:55 0 [Note] InnoDB: 128 out of 128 rollback segments are active.
2021-05-22 20:06:55 0 [Note] InnoDB: Removed temporary tablespace data file: "ibtmp1"
2021-05-22 20:06:55 0 [Note] InnoDB: Creating shared tablespace for temporary tables
2021-05-22 20:06:55 0 [Note] InnoDB: Setting file 'D:\wp\mysql\data\ibtmp1' size to 12 MB. Physically writing the file full; Please wait ...
2021-05-22 20:06:55 0 [Note] InnoDB: File 'D:\wp\mysql\data\ibtmp1' size is now 12 MB.
2021-05-22 20:06:55 0 [Note] InnoDB: Waiting for purge to start
2021-05-22 20:06:55 0 [Note] InnoDB: 10.4.19 started; log sequence number 29158846; transaction id 6283
2021-05-22 20:06:55 0 [Note] InnoDB: Loading buffer pool(s) from D:\wp\mysql\data\ib_buffer_pool
2021-05-22 20:06:55 0 [Note] Plugin 'FEEDBACK' is disabled.
2021-05-22 20:06:55 0 [Note] InnoDB: Buffer pool(s) load completed at 210522 20:06:55
2021-05-22 20:06:56 0 [Note] Server socket created on IP: '::'.
2021-05-24 10:19:12 0 [Note] InnoDB: Mutexes and rw_locks use Windows interlocked functions
2021-05-24 10:19:12 0 [Note] InnoDB: Uses event mutexes
2021-05-24 10:19:12 0 [Note] InnoDB: Compressed tables use zlib 1.2.11
2021-05-24 10:19:12 0 [Note] InnoDB: Number of pools: 1
2021-05-24 10:19:12 0 [Note] InnoDB: Using SSE2 crc32 instructions
2021-05-24 10:19:13 0 [Note] InnoDB: Initializing buffer pool, total size = 16M, instances = 1, chunk size = 16M
2021-05-24 10:19:13 0 [Note] InnoDB: Completed initialization of buffer pool
2021-05-24 10:19:13 0 [Note] InnoDB: Starting crash recovery from checkpoint LSN=33543064
2021-05-24 10:19:13 0 [Note] InnoDB: 128 out of 128 rollback segments are active.
2021-05-24 10:19:13 0 [Note] InnoDB: Removed temporary tablespace data file: "ibtmp1"
2021-05-24 10:19:13 0 [Note] InnoDB: Creating shared tablespace for temporary tables
2021-05-24 10:19:13 0 [Note] InnoDB: Setting file 'D:\wp\mysql\data\ibtmp1' size to 12 MB. Physically writing the file full; Please wait ...
2021-05-24 10:19:13 0 [Note] InnoDB: File 'D:\wp\mysql\data\ibtmp1' size is now 12 MB.
2021-05-24 10:19:13 0 [Note] InnoDB: Waiting for purge to start
2021-05-24 10:19:13 0 [Note] InnoDB: 10.4.19 started; log sequence number 33543073; transaction id 9621
2021-05-24 10:19:13 0 [Note] InnoDB: Loading buffer pool(s) from D:\wp\mysql\data\ib_buffer_pool
2021-05-24 10:19:13 0 [Note] Plugin 'FEEDBACK' is disabled.
2021-05-24 10:19:13 0 [Note] Server socket created on IP: '::'.
2021-05-25 12:05:01 0 [Note] InnoDB: Mutexes and rw_locks use Windows interlocked functions
2021-05-25 12:05:01 0 [Note] InnoDB: Uses event mutexes
2021-05-25 12:05:01 0 [Note] InnoDB: Compressed tables use zlib 1.2.11
2021-05-25 12:05:01 0 [Note] InnoDB: Number of pools: 1
2021-05-25 12:05:01 0 [Note] InnoDB: Using SSE2 crc32 instructions
2021-05-25 12:05:01 0 [Note] InnoDB: Initializing buffer pool, total size = 16M, instances = 1, chunk size = 16M
2021-05-25 12:05:01 0 [Note] InnoDB: Completed initialization of buffer pool
2021-05-25 12:05:01 0 [Note] InnoDB: Starting crash recovery from checkpoint LSN=48645696
2021-05-25 12:05:02 0 [Note] InnoDB: 128 out of 128 rollback segments are active.
2021-05-25 12:05:02 0 [Note] InnoDB: Removed temporary tablespace data file: "ibtmp1"
2021-05-25 12:05:02 0 [Note] InnoDB: Creating shared tablespace for temporary tables
2021-05-25 12:05:02 0 [Note] InnoDB: Setting file 'D:\wp\mysql\data\ibtmp1' size to 12 MB. Physically writing the file full; Please wait ...
2021-05-25 12:05:02 0 [Note] InnoDB: File 'D:\wp\mysql\data\ibtmp1' size is now 12 MB.
2021-05-25 12:05:02 0 [Note] InnoDB: Waiting for purge to start
2021-05-25 12:05:02 0 [Note] InnoDB: 10.4.19 started; log sequence number 48645705; transaction id 26062
2021-05-25 12:05:02 0 [Note] InnoDB: Loading buffer pool(s) from D:\wp\mysql\data\ib_buffer_pool
2021-05-25 12:05:02 0 [Note] Plugin 'FEEDBACK' is disabled.
2021-05-25 12:05:03 0 [Note] InnoDB: Buffer pool(s) load completed at 210525 12:05:03
2021-05-25 12:05:03 0 [Note] Server socket created on IP: '::'.
2021-05-25 17:21:47 0 [Note] InnoDB: Mutexes and rw_locks use Windows interlocked functions
2021-05-25 17:21:47 0 [Note] InnoDB: Uses event mutexes
2021-05-25 17:21:47 0 [Note] InnoDB: Compressed tables use zlib 1.2.11
2021-05-25 17:21:47 0 [Note] InnoDB: Number of pools: 1
2021-05-25 17:21:47 0 [Note] InnoDB: Using SSE2 crc32 instructions
2021-05-25 17:21:47 0 [Note] InnoDB: Initializing buffer pool, total size = 16M, instances = 1, chunk size = 16M
2021-05-25 17:21:47 0 [Note] InnoDB: Completed initialization of buffer pool
2021-05-25 17:21:47 0 [Note] InnoDB: Starting crash recovery from checkpoint LSN=56111577
2021-05-25 17:21:47 0 [Note] InnoDB: 128 out of 128 rollback segments are active.
2021-05-25 17:21:48 0 [Note] InnoDB: Removed temporary tablespace data file: "ibtmp1"
2021-05-25 17:21:48 0 [Note] InnoDB: Creating shared tablespace for temporary tables
2021-05-25 17:21:48 0 [Note] InnoDB: Setting file 'D:\wp\mysql\data\ibtmp1' size to 12 MB. Physically writing the file full; Please wait ...
2021-05-25 17:21:48 0 [Note] InnoDB: File 'D:\wp\mysql\data\ibtmp1' size is now 12 MB.
2021-05-25 17:21:48 0 [Note] InnoDB: Waiting for purge to start
2021-05-25 17:21:48 0 [Note] InnoDB: 10.4.19 started; log sequence number 56111586; transaction id 29154
2021-05-25 17:21:48 0 [Note] InnoDB: Loading buffer pool(s) from D:\wp\mysql\data\ib_buffer_pool
2021-05-25 17:21:48 0 [Note] Plugin 'FEEDBACK' is disabled.
2021-05-25 17:21:48 0 [Note] Server socket created on IP: '::'.
2021-05-26 11:20:54 0 [Note] InnoDB: Mutexes and rw_locks use Windows interlocked functions
2021-05-26 11:20:54 0 [Note] InnoDB: Uses event mutexes
2021-05-26 11:20:54 0 [Note] InnoDB: Compressed tables use zlib 1.2.11
2021-05-26 11:20:54 0 [Note] InnoDB: Number of pools: 1
2021-05-26 11:20:54 0 [Note] InnoDB: Using SSE2 crc32 instructions
2021-05-26 11:20:54 0 [Note] InnoDB: Initializing buffer pool, total size = 16M, instances = 1, chunk size = 16M
2021-05-26 11:20:54 0 [Note] InnoDB: Completed initialization of buffer pool
2021-05-26 11:20:55 0 [Note] InnoDB: Starting crash recovery from checkpoint LSN=67816462
2021-05-26 11:20:55 0 [Note] InnoDB: 128 out of 128 rollback segments are active.
2021-05-26 11:20:55 0 [Note] InnoDB: Removed temporary tablespace data file: "ibtmp1"
2021-05-26 11:20:55 0 [Note] InnoDB: Creating shared tablespace for temporary tables
2021-05-26 11:20:55 0 [Note] InnoDB: Setting file 'D:\wp\mysql\data\ibtmp1' size to 12 MB. Physically writing the file full; Please wait ...
2021-05-26 11:20:55 0 [Note] InnoDB: File 'D:\wp\mysql\data\ibtmp1' size is now 12 MB.
2021-05-26 11:20:55 0 [Note] InnoDB: Waiting for purge to start
2021-05-26 11:20:55 0 [Note] InnoDB: 10.4.19 started; log sequence number 67816471; transaction id 34243
2021-05-26 11:20:55 0 [Note] InnoDB: Loading buffer pool(s) from D:\wp\mysql\data\ib_buffer_pool
2021-05-26 11:20:55 0 [Note] Plugin 'FEEDBACK' is disabled.
2021-05-26 11:20:55 0 [Note] InnoDB: Buffer pool(s) load completed at 210526 11:20:55
2021-05-26 11:20:55 0 [Note] Server socket created on IP: '::'.
